Сборка начата 12.11.2017 14:35:33.
     1>Проект "G:\2 курс\ООП\Лабы\lab1\Trit\Trit\Trit.vcxproj" в узле 2 (целевые объекты Build).
     1>ClCompile:
         C:\Program Files (x86)\Microsoft Visual Studio 12.0\VC\bin\CL.exe /c /ZI /nologo /W3 /WX- /Od /Oy- /D WIN32 /D _DEBUG /D _CONSOLE /D _LIB /D _UNICODE /D UNICODE /Gm /EHsc /RTC1 /MDd /GS /fp:precise /Zc:wchar_t /Zc:forScope /Fo"Debug\\" /Fd"Debug\vc120.pdb" /Gd /TP /analyze- /errorReport:prompt main.cpp Trit.cpp
         Trit.cpp
     1>g:\2 курс\ооп\лабы\lab1\trit\trit\trit.h(8): error C2059: синтаксическая ошибка: неправильный суффикс для числа
     1>g:\2 курс\ооп\лабы\lab1\trit\trit\trit.h(8): error C2146: синтаксическая ошибка: отсутствие ";" перед идентификатором "b10"
     1>g:\2 курс\ооп\лабы\lab1\trit\trit\trit.h(8): error C4430: отсутствует спецификатор типа - предполагается int. Примечание. C++ не поддерживает int по умолчанию
     1>g:\2 курс\ооп\лабы\lab1\trit\trit\trit.h(9): error C2059: синтаксическая ошибка: неправильный суффикс для числа
     1>g:\2 курс\ооп\лабы\lab1\trit\trit\trit.h(9): error C2146: синтаксическая ошибка: отсутствие ";" перед идентификатором "b01"
     1>g:\2 курс\ооп\лабы\lab1\trit\trit\trit.h(9): error C4430: отсутствует спецификатор типа - предполагается int. Примечание. C++ не поддерживает int по умолчанию
     1>g:\2 курс\ооп\лабы\lab1\trit\trit\trit.cpp(15): warning C4018: <: несоответствие типов со знаком и без знака
     1>g:\2 курс\ооп\лабы\lab1\trit\trit\trit.cpp(49): error C2059: синтаксическая ошибка: <<
     1>g:\2 курс\ооп\лабы\lab1\trit\trit\trit.cpp(53): error C2059: синтаксическая ошибка: неправильный суффикс для числа
     1>g:\2 курс\ооп\лабы\lab1\trit\trit\trit.cpp(53): error C2146: синтаксическая ошибка: отсутствие ";" перед идентификатором "b01"
     1>g:\2 курс\ооп\лабы\lab1\trit\trit\trit.cpp(53): warning C4552: <<: оператор не имеет результата; требуется оператор с побочным действием
     1>g:\2 курс\ооп\лабы\lab1\trit\trit\trit.cpp(59): error C2059: синтаксическая ошибка: неправильный суффикс для числа
     1>g:\2 курс\ооп\лабы\lab1\trit\trit\trit.cpp(59): error C2146: синтаксическая ошибка: отсутствие ";" перед идентификатором "b10"
     1>g:\2 курс\ооп\лабы\lab1\trit\trit\trit.cpp(59): warning C4552: <<: оператор не имеет результата; требуется оператор с побочным действием
     1>g:\2 курс\ооп\лабы\lab1\trit\trit\trit.cpp(65): error C2059: синтаксическая ошибка: }
     1>g:\2 курс\ооп\лабы\lab1\trit\trit\trit.cpp(65): error C2143: синтаксическая ошибка: отсутствие ";" перед "}"
     1>g:\2 курс\ооп\лабы\lab1\trit\trit\trit.cpp(67): error C2143: синтаксическая ошибка: отсутствие ";" перед "{"
     1>g:\2 курс\ооп\лабы\lab1\trit\trit\trit.cpp(67): error C2447: {: отсутствует заголовок функции (возможно, используется формальный список старого типа)
     1>g:\2 курс\ооп\лабы\lab1\trit\trit\trit.cpp(84): error C2065: index: необъявленный идентификатор
     1>g:\2 курс\ооп\лабы\lab1\trit\trit\trit.cpp(85): error C2065: index: необъявленный идентификатор
     1>g:\2 курс\ооп\лабы\lab1\trit\trit\trit.cpp(93): error C2084: функция "TritSet::TritSet(void)" уже имеет текст реализации
                 g:\2 курс\ооп\лабы\lab1\trit\trit\trit.h(36): см. предыдущее определение "{ctor}"
     1>g:\2 курс\ооп\лабы\lab1\trit\trit\trit.cpp(111): error C2661: TritSet::Reference::Reference: нет перегруженной функции, принимающей 2 аргументов
     1>g:\2 курс\ооп\лабы\lab1\trit\trit\trit.cpp(155): warning C4018: <: несоответствие типов со знаком и без знака
         main.cpp
     1>g:\2 курс\ооп\лабы\lab1\trit\trit\trit.h(8): error C2059: синтаксическая ошибка: неправильный суффикс для числа
     1>g:\2 курс\ооп\лабы\lab1\trit\trit\trit.h(8): error C2146: синтаксическая ошибка: отсутствие ";" перед идентификатором "b10"
     1>g:\2 курс\ооп\лабы\lab1\trit\trit\trit.h(8): error C4430: отсутствует спецификатор типа - предполагается int. Примечание. C++ не поддерживает int по умолчанию
     1>g:\2 курс\ооп\лабы\lab1\trit\trit\trit.h(9): error C2059: синтаксическая ошибка: неправильный суффикс для числа
     1>g:\2 курс\ооп\лабы\lab1\trit\trit\trit.h(9): error C2146: синтаксическая ошибка: отсутствие ";" перед идентификатором "b01"
     1>g:\2 курс\ооп\лабы\lab1\trit\trit\trit.h(9): error C4430: отсутствует спецификатор типа - предполагается int. Примечание. C++ не поддерживает int по умолчанию
         Создание кода...
     1>Сборка проекта "G:\2 курс\ООП\Лабы\lab1\Trit\Trit\Trit.vcxproj" завершена (целевые объекты Build) с ошибкой.

Ошибка сборки.

Затраченное время: 00:00:05.05
